Array
(
    [response] => stdClass Object
        (
            [id] => 14
            [first_name] => surinder
            [last_name] => singh
            [email] => candidate.getwork@gmail.com
            [password] => 8402d78fc8055b4b8dd240be0291faca
            [reset_code] => 
            [org_name] => 
            [role] => 2
            [active] => 1
            [email_verify] => 1
            [verification_code] => 31393231333538333735
            [date] => 2016-12-30 14:22:20
            [updated] => 
            [last_login] => 
        )

    [session] => CI_Session Object
        (
            [userdata] => Array
                (
                    [__ci_last_regenerate] => 1483132898
                    [username] => surinder
                    [email] => candidate.getwork@gmail.com
                    [uid] => 14
                    [logged_in] => 1
                    [role] => 2
                    [verified] => 1
                )

            [_driver:protected] => files
            [_config:protected] => Array
                (
                    [cookie_lifetime] => 7200
                    [cookie_name] => ci_session
                    [cookie_path] => /
                    [cookie_domain] => 
                    [cookie_secure] => 
                    [expiration] => 7200
                    [match_ip] => 
                    [save_path] => /tmp
                    [_sid_regexp] => [0-9a-v]{32}
                )

            [_sid_regexp:protected] => [0-9a-v]{32}
        )

)
