Array
(
    [response] => stdClass Object
        (
            [id] => 11
            [first_name] => Simarjeet 
            [last_name] => kaur
            [email] => test1infomail@gmail.com
            [password] => 8402d78fc8055b4b8dd240be0291faca
            [reset_code] => 
            [org_name] => 
            [role] => 2
            [active] => 1
            [email_verify] => 1
            [verification_code] => 373630343034363133
            [date] => 2016-12-29 02:39:23
            [updated] => 
            [last_login] => 2016-12-29 09:58:33
        )

    [session] => CI_Session Object
        (
            [userdata] => Array
                (
                    [__ci_last_regenerate] => 1483107410
                    [username] => Simarjeet 
                    [email] => test1infomail@gmail.com
                    [uid] => 11
                    [role] => 2
                    [verified] => 1
                    [logged_in] => 1
                )

            [_driver:protected] => files
            [_config:protected] => Array
                (
                    [cookie_lifetime] => 7200
                    [cookie_name] => ci_session
                    [cookie_path] => /
                    [cookie_domain] => 
                    [cookie_secure] => 
                    [expiration] => 7200
                    [match_ip] => 
                    [save_path] => /tmp
                    [_sid_regexp] => [0-9a-v]{32}
                )

            [_sid_regexp:protected] => [0-9a-v]{32}
        )

)
