Array
(
    [response] => stdClass Object
        (
            [id] => 13
            [first_name] => Surinder
            [last_name] => Singh
            [email] => employer.getwork@gmail.com
            [password] => 8402d78fc8055b4b8dd240be0291faca
            [reset_code] => 
            [org_name] => 
            [role] => 3
            [active] => 1
            [email_verify] => 0
            [verification_code] => 31333933393934343233
            [date] => 2016-12-30 14:10:22
            [updated] => 
            [last_login] => 
        )

    [session] => CI_Session Object
        (
            [userdata] => Array
                (
                    [__ci_last_regenerate] => 1483132223
                    [username] => Surinder
                    [email] => employer.getwork@gmail.com
                    [uid] => 13
                    [role] => 3
                    [verified] => 0
                    [logged_in] => 1
                )

            [_driver:protected] => files
            [_config:protected] => Array
                (
                    [cookie_lifetime] => 7200
                    [cookie_name] => ci_session
                    [cookie_path] => /
                    [cookie_domain] => 
                    [cookie_secure] => 
                    [expiration] => 7200
                    [match_ip] => 
                    [save_path] => /tmp
                    [_sid_regexp] => [0-9a-v]{32}
                )

            [_sid_regexp:protected] => [0-9a-v]{32}
        )

)
