Array
(
    [response] => stdClass Object
        (
            [id] => 1
            [first_name] => Super
            [last_name] => Admin
            [email] => admin@gmail.com
            [password] => e10adc3949ba59abbe56e057f20f883e
            [reset_code] => 
            [org_name] => 
            [role] => 1
            [active] => 1
            [email_verify] => 1
            [verification_code] => 0
            [date] => 2016-12-28 00:31:21
            [updated] => 
            [last_login] => 2016-12-29 11:18:16
        )

    [session] => CI_Session Object
        (
            [userdata] => Array
                (
                    [__ci_last_regenerate] => 1483107130
                    [username] => Super
                    [email] => admin@gmail.com
                    [uid] => 1
                    [role] => 1
                    [verified] => 1
                    [logged_in] => 1
                )

            [_driver:protected] => files
            [_config:protected] => Array
                (
                    [cookie_lifetime] => 7200
                    [cookie_name] => ci_session
                    [cookie_path] => /
                    [cookie_domain] => 
                    [cookie_secure] => 
                    [expiration] => 7200
                    [match_ip] => 
                    [save_path] => /tmp
                    [_sid_regexp] => [0-9a-v]{32}
                )

            [_sid_regexp:protected] => [0-9a-v]{32}
        )

)
